# JRE version: Java(TM) SE Runtime Environment (8.0_45-b14) (build 1.8.0_45-b14)
# Java VM: Java HotSpot(TM) 64-Bit Server VM (25.45-b02 mixed mode bsd-amd64 compressed oops)
Heap:
 PSYoungGen      total 38400K, used 5574K [0x0000000795580000, 0x0000000799600000, 0x00000007c0000000)
  eden space 33280K, 5% used [0x0000000795580000,0x0000000795736dd8,0x0000000797600000)
  from space 5120K, 74% used [0x0000000797600000,0x00000007979baa38,0x0000000797b00000)
  to   space 8192K, 0% used [0x0000000798e00000,0x0000000798e00000,0x0000000799600000)
 ParOldGen       total 55808K, used 5649K [0x0000000740000000, 0x0000000743680000, 0x0000000795580000)
  object space 55808K, 10% used [0x0000000740000000,0x0000000740584600,0x0000000743680000)
 Metaspace       used 24905K, capacity 25122K, committed 25600K, reserved 1071104K
  class space    used 3195K, capacity 3271K, committed 3328K, reserved 1048576K
GC Heap History (10 events):
Event: 1.863 GC heap before
{Heap before GC invocations=2 (full 0):
 PSYoungGen      total 38400K, used 34486K [0x0000000795580000, 0x0000000798000000, 0x00000007c0000000)
  eden space 33280K, 100% used [0x0000000795580000,0x0000000797600000,0x0000000797600000)
  from space 5120K, 23% used [0x0000000797600000,0x000000079772d828,0x0000000797b00000)
  to   space 5120K, 0% used [0x0000000797b00000,0x0000000797b00000,0x0000000798000000)
 ParOldGen       total 87552K, used 8K [0x0000000740000000, 0x0000000745580000, 0x0000000795580000)
  object space 87552K, 0% used [0x0000000740000000,0x0000000740002000,0x0000000745580000)
 Metaspace       used 13307K, capacity 13506K, committed 13824K, reserved 1060864K
  class space    used 1678K, capacity 1749K, committed 1792K, reserved 1048576K
Event: 1.881 GC heap after
Heap after GC invocations=2 (full 0):
 PSYoungGen      total 38400K, used 4491K [0x0000000795580000, 0x0000000798000000, 0x00000007c0000000)
  eden space 33280K, 0% used [0x0000000795580000,0x0000000795580000,0x0000000797600000)
  from space 5120K, 87% used [0x0000000797b00000,0x0000000797f62d38,0x0000000798000000)
  to   space 5120K, 0% used [0x0000000797600000,0x0000000797600000,0x0000000797b00000)
 ParOldGen       total 87552K, used 88K [0x0000000740000000, 0x0000000745580000, 0x0000000795580000)
  object space 87552K, 0% used [0x0000000740000000,0x0000000740016010,0x0000000745580000)
 Metaspace       used 13307K, capacity 13506K, committed 13824K, reserved 1060864K
  class space    used 1678K, capacity 1749K, committed 1792K, reserved 1048576K
}
Event: 2.963 GC heap before
{Heap before GC invocations=3 (full 0):
 PSYoungGen      total 38400K, used 37771K [0x0000000795580000, 0x0000000798000000, 0x00000007c0000000)
  eden space 33280K, 100% used [0x0000000795580000,0x0000000797600000,0x0000000797600000)
  from space 5120K, 87% used [0x0000000797b00000,0x0000000797f62d38,0x0000000798000000)
  to   space 5120K, 0% used [0x0000000797600000,0x0000000797600000,0x0000000797b00000)
 ParOldGen       total 87552K, used 88K [0x0000000740000000, 0x0000000745580000, 0x0000000795580000)
  object space 87552K, 0% used [0x0000000740000000,0x0000000740016010,0x0000000745580000)
 Metaspace       used 18621K, capacity 18824K, committed 19200K, reserved 1067008K
  class space    used 2366K, capacity 2454K, committed 2560K, reserved 1048576K
Event: 2.971 GC heap after
Heap after GC invocations=3 (full 0):
 PSYoungGen      total 38400K, used 5110K [0x0000000795580000, 0x0000000798000000, 0x00000007c0000000)
  eden space 33280K, 0% used [0x0000000795580000,0x0000000795580000,0x0000000797600000)
  from space 5120K, 99% used [0x0000000797600000,0x0000000797afdad0,0x0000000797b00000)
  to   space 5120K, 0% used [0x0000000797b00000,0x0000000797b00000,0x0000000798000000)
 ParOldGen       total 87552K, used 1770K [0x0000000740000000, 0x0000000745580000, 0x0000000795580000)
  object space 87552K, 2% used [0x0000000740000000,0x00000007401ba968,0x0000000745580000)
 Metaspace       used 18621K, capacity 18824K, committed 19200K, reserved 1067008K
  class space    used 2366K, capacity 2454K, committed 2560K, reserved 1048576K
}
Event: 3.281 GC heap before
{Heap before GC invocations=4 (full 0):
 PSYoungGen      total 38400K, used 21109K [0x0000000795580000, 0x0000000798000000, 0x00000007c0000000)
  eden space 33280K, 48% used [0x0000000795580000,0x000000079651fce8,0x0000000797600000)
  from space 5120K, 99% used [0x0000000797600000,0x0000000797afdad0,0x0000000797b00000)
  to   space 5120K, 0% used [0x0000000797b00000,0x0000000797b00000,0x0000000798000000)
 ParOldGen       total 87552K, used 1770K [0x0000000740000000, 0x0000000745580000, 0x0000000795580000)
  object space 87552K, 2% used [0x0000000740000000,0x00000007401ba968,0x0000000745580000)
 Metaspace       used 20802K, capacity 21014K, committed 21248K, reserved 1067008K
  class space    used 2608K, capacity 2715K, committed 2816K, reserved 1048576K
Event: 3.287 GC heap after
Heap after GC invocations=4 (full 0):
 PSYoungGen      total 38400K, used 5103K [0x0000000795580000, 0x000000079a080000, 0x00000007c0000000)
  eden space 33280K, 0% used [0x0000000795580000,0x0000000795580000,0x0000000797600000)
  from space 5120K, 99% used [0x0000000797b00000,0x0000000797ffbd38,0x0000000798000000)
  to   space 5120K, 0% used [0x0000000797600000,0x0000000797600000,0x0000000797b00000)
 ParOldGen       total 87552K, used 2352K [0x0000000740000000, 0x0000000745580000, 0x0000000795580000)
  object space 87552K, 2% used [0x0000000740000000,0x000000074024c170,0x0000000745580000)
 Metaspace       used 20802K, capacity 21014K, committed 21248K, reserved 1067008K
  class space    used 2608K, capacity 2715K, committed 2816K, reserved 1048576K
}
Event: 3.287 GC heap before
{Heap before GC invocations=5 (full 1):
 PSYoungGen      total 38400K, used 5103K [0x0000000795580000, 0x000000079a080000, 0x00000007c0000000)
  eden space 33280K, 0% used [0x0000000795580000,0x0000000795580000,0x0000000797600000)
  from space 5120K, 99% used [0x0000000797b00000,0x0000000797ffbd38,0x0000000798000000)
  to   space 5120K, 0% used [0x0000000797600000,0x0000000797600000,0x0000000797b00000)
 ParOldGen       total 87552K, used 2352K [0x0000000740000000, 0x0000000745580000, 0x0000000795580000)
  object space 87552K, 2% used [0x0000000740000000,0x000000074024c170,0x0000000745580000)
 Metaspace       used 20802K, capacity 21014K, committed 21248K, reserved 1067008K
  class space    used 2608K, capacity 2715K, committed 2816K, reserved 1048576K
Event: 3.315 GC heap after
Heap after GC invocations=5 (full 1):
 PSYoungGen      total 38400K, used 0K [0x0000000795580000, 0x000000079a080000, 0x00000007c0000000)
  eden space 33280K, 0% used [0x0000000795580000,0x0000000795580000,0x0000000797600000)
  from space 5120K, 0% used [0x0000000797b00000,0x0000000797b00000,0x0000000798000000)
  to   space 5120K, 0% used [0x0000000797600000,0x0000000797600000,0x0000000797b00000)
 ParOldGen       total 55808K, used 5641K [0x0000000740000000, 0x0000000743680000, 0x0000000795580000)
  object space 55808K, 10% used [0x0000000740000000,0x0000000740582600,0x0000000743680000)
 Metaspace       used 20802K, capacity 21014K, committed 21248K, reserved 1067008K
  class space    used 2608K, capacity 2715K, committed 2816K, reserved 1048576K
}
Event: 8.509 GC heap before
{Heap before GC invocations=6 (full 1):
 PSYoungGen      total 38400K, used 33280K [0x0000000795580000, 0x000000079a080000, 0x00000007c0000000)
  eden space 33280K, 100% used [0x0000000795580000,0x0000000797600000,0x0000000797600000)
  from space 5120K, 0% used [0x0000000797b00000,0x0000000797b00000,0x0000000798000000)
  to   space 5120K, 0% used [0x0000000797600000,0x0000000797600000,0x0000000797b00000)
 ParOldGen       total 55808K, used 5641K [0x0000000740000000, 0x0000000743680000, 0x0000000795580000)
  object space 55808K, 10% used [0x0000000740000000,0x0000000740582600,0x0000000743680000)
 Metaspace       used 24690K, capacity 24988K, committed 25344K, reserved 1071104K
  class space    used 3171K, capacity 3270K, committed 3328K, reserved 1048576K
Event: 8.512 GC heap after
Heap after GC invocations=6 (full 1):
 PSYoungGen      total 38400K, used 3818K [0x0000000795580000, 0x0000000799600000, 0x00000007c0000000)
  eden space 33280K, 0% used [0x0000000795580000,0x0000000795580000,0x0000000797600000)
  from space 5120K, 74% used [0x0000000797600000,0x00000007979baa38,0x0000000797b00000)
  to   space 8192K, 0% used [0x0000000798e00000,0x0000000798e00000,0x0000000799600000)
 ParOldGen       total 55808K, used 5649K [0x0000000740000000, 0x0000000743680000, 0x0000000795580000)
  object space 55808K, 10% used [0x0000000740000000,0x0000000740584600,0x0000000743680000)
 Metaspace       used 24690K, capacity 24988K, committed 25344K, reserved 1071104K
  class space    used 3171K, capacity 3270K, committed 3328K, reserved 1048576K
}

